WARNING: A terminally deprecated method in sun.misc.Unsafe has been called
WARNING: sun.misc.Unsafe::objectFieldOffset has been called by com.google.common.util.concurrent.AbstractFuture$UnsafeAtomicHelper (file:/C:/Program%20Files/apache-maven-3.9.9/lib/guava-33.2.1-jre.jar)
WARNING: Please consider reporting this to the maintainers of class com.google.common.util.concurrent.AbstractFuture$UnsafeAtomicHelper
WARNING: sun.misc.Unsafe::objectFieldOffset will be removed in a future release
[INFO] Scanning for projects...
[INFO] 
[INFO] --------------------< com.passport:passport-system >--------------------
[INFO] Building passport-system 1.0.0
[INFO]   from pom.xml
[INFO] --------------------------------[ jar ]---------------------------------
[INFO] 
[INFO] --- clean:3.3.2:clean (default-clean) @ passport-system ---
[INFO] Deleting C:\1_Priority\Sem-6\OOSE\Lab\Ex7_Implementation_of_system\target
[INFO] 
[INFO] --- resources:3.3.1:resources (default-resources) @ passport-system ---
[INFO] Copying 1 resource from src\main\resources to target\classes
[INFO] Copying 3 resources from src\main\resources to target\classes
[INFO] 
[INFO] --- compiler:3.11.0:compile (default-compile) @ passport-system ---
[INFO] Changes detected - recompiling the module! :source
[INFO] Compiling 31 source files with javac [debug release 17] to target\classes
[INFO] 
[INFO] --- resources:3.3.1:testResources (default-testResources) @ passport-system ---
[INFO] skip non existing resourceDirectory C:\1_Priority\Sem-6\OOSE\Lab\Ex7_Implementation_of_system\src\test\resources
[INFO] 
[INFO] --- compiler:3.11.0:testCompile (default-testCompile) @ passport-system ---
[INFO] No sources to compile
[INFO] 
[INFO] --- surefire:3.1.2:test (default-test) @ passport-system ---
[INFO] Tests are skipped.
[INFO] 
[INFO] --- jar:3.3.0:jar (default-jar) @ passport-system ---
[INFO] Building jar: C:\1_Priority\Sem-6\OOSE\Lab\Ex7_Implementation_of_system\target\passport-system-1.0.0.jar
[INFO] 
[INFO] --- spring-boot:3.2.3:repackage (repackage) @ passport-system ---
[INFO] Replacing main artifact C:\1_Priority\Sem-6\OOSE\Lab\Ex7_Implementation_of_system\target\passport-system-1.0.0.jar with repackaged archive, adding nested dependencies in BOOT-INF/.
[INFO] The original artifact has been renamed to C:\1_Priority\Sem-6\OOSE\Lab\Ex7_Implementation_of_system\target\passport-system-1.0.0.jar.original
[INFO] ------------------------------------------------------------------------
[INFO] BUILD SUCCESS
[INFO] ------------------------------------------------------------------------
[INFO] Total time:  4.014 s
[INFO] Finished at: 2026-03-15T20:28:05+05:30
[INFO] ------------------------------------------------------------------------
